<?xml version="1.0" encoding="UTF-8"?>
<!-- Generated by org.testng.reporters.JUnitXMLReporter -->
<testsuite ignored="3" hostname="HUBLAPINDCE-018" failures="0" tests="1" name="Grouping test" time="0.134" errors="0" timestamp="2022-12-14T20:25:39 IST">
  <testcase classname="practice.TestNgGroups" name="test1" time="0.027"/>
  <testcase classname="practice.TestNgGroups" name="test3" time="0.0">
    <ignored/>
  </testcase> <!-- test3 -->
  <testcase classname="practice.TestNgGroups" name="test4" time="0.0">
    <ignored/>
  </testcase> <!-- test4 -->
  <testcase classname="practice.TestNgGroups" name="test2" time="0.0">
    <ignored/>
  </testcase> <!-- test2 -->
</testsuite> <!-- Grouping test -->
