<?xml version="1.0" encoding="UTF-8"?>
<!-- Generated by org.testng.reporters.JUnitXMLReporter -->
<testsuite ignored="0" hostname="HUBLAPINDCE-018" failures="0" tests="3" name="Default test" time="211.145" errors="0" timestamp="2022-11-29T10:59:27 IST">
  <testcase classname="test.HomePageTest" name="VerifyMobImgTest" time="0.354"/>
  <testcase classname="test.HomePageTest" name="VerifyTitleTest" time="0.105"/>
  <testcase classname="test.HomePageTest" name="VerifyUserProfileTest" time="7.966"/>
</testsuite> <!-- Default test -->
