<?xml version="1.0" encoding="UTF-8"?>
<testng-results ignored="0" total="4" passed="4" failed="0" skipped="0">
  <reporter-output>
  </reporter-output>
  <suite started-at="2022-11-25T13:41:01 IST" name="Flipkart" finished-at="2022-11-25T13:44:13 IST" duration-ms="192051">
    <groups>
    </groups>
    <test started-at="2022-11-25T13:41:01 IST" name="Flipkart test" finished-at="2022-11-25T13:44:13 IST" duration-ms="192051">
      <class name="test.HomePageTest">
        <test-method is-config="true" signature="SetUp()[pri:0, instance:test.HomePageTest@b3ca52e]" started-at="2022-11-25T13:42:17 IST" name="SetUp" finished-at="2022-11-25T13:42:57 IST" duration-ms="39633" status="PASS">
          <reporter-output>
          </reporter-output>
        </test-method> <!-- SetUp -->
        <test-method signature="VerifyMobImg()[pri:0, instance:test.HomePageTest@b3ca52e]" started-at="2022-11-25T13:42:57 IST" name="VerifyMobImg" finished-at="2022-11-25T13:42:57 IST" duration-ms="457" status="PASS">
          <reporter-output>
          </reporter-output>
        </test-method> <!-- VerifyMobImg -->
        <test-method is-config="true" signature="tearDown()[pri:0, instance:test.HomePageTest@b3ca52e]" started-at="2022-11-25T13:42:57 IST" name="tearDown" finished-at="2022-11-25T13:42:58 IST" duration-ms="384" status="PASS">
          <reporter-output>
          </reporter-output>
        </test-method> <!-- tearDown -->
        <test-method is-config="true" signature="SetUp()[pri:0, instance:test.HomePageTest@b3ca52e]" started-at="2022-11-25T13:42:58 IST" name="SetUp" finished-at="2022-11-25T13:43:31 IST" duration-ms="33820" status="PASS">
          <reporter-output>
          </reporter-output>
        </test-method> <!-- SetUp -->
        <test-method signature="VerifyTitle()[pri:0, instance:test.HomePageTest@b3ca52e]" started-at="2022-11-25T13:43:31 IST" name="VerifyTitle" finished-at="2022-11-25T13:43:31 IST" duration-ms="144" status="PASS">
          <reporter-output>
          </reporter-output>
        </test-method> <!-- VerifyTitle -->
        <test-method is-config="true" signature="tearDown()[pri:0, instance:test.HomePageTest@b3ca52e]" started-at="2022-11-25T13:43:31 IST" name="tearDown" finished-at="2022-11-25T13:43:32 IST" duration-ms="452" status="PASS">
          <reporter-output>
          </reporter-output>
        </test-method> <!-- tearDown -->
        <test-method is-config="true" signature="SetUp()[pri:0, instance:test.HomePageTest@b3ca52e]" started-at="2022-11-25T13:43:32 IST" name="SetUp" finished-at="2022-11-25T13:44:08 IST" duration-ms="36327" status="PASS">
          <reporter-output>
          </reporter-output>
        </test-method> <!-- SetUp -->
        <test-method signature="VerifyUserProfile()[pri:0, instance:test.HomePageTest@b3ca52e]" started-at="2022-11-25T13:44:08 IST" name="VerifyUserProfile" finished-at="2022-11-25T13:44:13 IST" duration-ms="4381" status="PASS">
          <reporter-output>
          </reporter-output>
        </test-method> <!-- VerifyUserProfile -->
        <test-method is-config="true" signature="tearDown()[pri:0, instance:test.HomePageTest@b3ca52e]" started-at="2022-11-25T13:44:13 IST" name="tearDown" finished-at="2022-11-25T13:44:13 IST" duration-ms="495" status="PASS">
          <reporter-output>
          </reporter-output>
        </test-method> <!-- tearDown -->
      </class> <!-- test.HomePageTest -->
      <class name="test.LoginPageTest">
        <test-method is-config="true" signature="setUp()[pri:0, instance:test.LoginPageTest@229f66ed]" started-at="2022-11-25T13:41:01 IST" name="setUp" finished-at="2022-11-25T13:42:02 IST" duration-ms="60796" status="PASS">
          <reporter-output>
          </reporter-output>
        </test-method> <!-- setUp -->
        <test-method signature="LoginTest()[pri:0, instance:test.LoginPageTest@229f66ed]" started-at="2022-11-25T13:42:02 IST" name="LoginTest" finished-at="2022-11-25T13:42:16 IST" duration-ms="14106" status="PASS">
          <reporter-output>
          </reporter-output>
        </test-method> <!-- LoginTest -->
        <test-method is-config="true" signature="tearDown()[pri:0, instance:test.LoginPageTest@229f66ed]" started-at="2022-11-25T13:42:16 IST" name="tearDown" finished-at="2022-11-25T13:42:17 IST" duration-ms="947" status="PASS">
          <reporter-output>
          </reporter-output>
        </test-method> <!-- tearDown -->
      </class> <!-- test.LoginPageTest -->
    </test> <!-- Flipkart test -->
  </suite> <!-- Flipkart -->
</testng-results>
