<?xml version="1.0" encoding="UTF-8"?>
<!-- Generated by org.testng.reporters.JUnitXMLReporter -->
<testsuite ignored="0" hostname="HUBLAPINDCE-018" failures="0" tests="4" name="Flipkart test" time="192.051" errors="0" timestamp="2022-11-25T13:44:13 IST">
  <testcase classname="test.LoginPageTest" name="LoginTest" time="14.106"/>
  <testcase classname="test.HomePageTest" name="VerifyMobImg" time="0.457"/>
  <testcase classname="test.HomePageTest" name="VerifyTitle" time="0.144"/>
  <testcase classname="test.HomePageTest" name="VerifyUserProfile" time="4.381"/>
</testsuite> <!-- Flipkart test -->
